<?xml version="1.0" encoding="UTF-8"?>
<testsuite name="com.instantdrs.android.AuthModelsTest" tests="2" skipped="0" failures="0" errors="0" timestamp="2026-08-20T20:13:56" hostname="DESKTOP-K855PD9" time="0.004">
  <properties/>
  <testcase name="testLoginRequest" classname="com.instantdrs.android.AuthModelsTest" time="0.003"/>
  <testcase name="testAuthState" classname="com.instantdrs.android.AuthModelsTest" time="0.001"/>
  <system-out><![CDATA[]]></system-out>
  <system-err><![CDATA[]]></system-err>
</testsuite>
